<?xml version="1.0" encoding="UTF-8"?>
<coverage generated="1707228223679" clover="3.2.0">
  <project timestamp="1707228223680" name="All files">
    <metrics statements="10" coveredstatements="10" conditionals="7" coveredconditionals="7" methods="1" coveredmethods="1" elements="18" coveredelements="18" complexity="0" loc="10" ncloc="10" packages="1" files="2" classes="2"/>
    <file name="TableInfo.tsx" path="C:\Users\overb\OneDrive\Documents\Franck\Pro\Projets\Projets Dev\HRnet\pmf-table\src\TableInfo\TableInfo.tsx">
      <metrics statements="10" coveredstatements="10" conditionals="7" coveredconditionals="7" methods="1" coveredmethods="1"/>
      <line num="2" count="1" type="stmt"/>
      <line num="3" count="1" type="stmt"/>
      <line num="14" count="3" type="stmt"/>
      <line num="17" count="3" type="cond" truecount="2" falsecount="0"/>
      <line num="18" count="1" type="stmt"/>
      <line num="19" count="1" type="stmt"/>
      <line num="21" count="2" type="stmt"/>
      <line num="22" count="2" type="stmt"/>
      <line num="24" count="3" type="cond" truecount="1" falsecount="0"/>
      <line num="25" count="3" type="stmt"/>
    </file>
    <file name="tableInfo.css" path="C:\Users\overb\OneDrive\Documents\Franck\Pro\Projets\Projets Dev\HRnet\pmf-table\src\TableInfo\tableInfo.css">
      <metrics statements="0" coveredstatements="0" conditionals="0" coveredconditionals="0" methods="0" coveredmethods="0"/>
    </file>
  </project>
</coverage>
