{"C:\\Users\\overb\\OneDrive\\Documents\\Franck\\Pro\\Projets\\Projets Dev\\HRnet\\pmf-table\\src\\Table.tsx": {"path":"C:\\Users\\overb\\OneDrive\\Documents\\Franck\\Pro\\Projets\\Projets Dev\\HRnet\\pmf-table\\src\\Table.tsx","statementMap":{"0":{"start":{"line":2,"column":0},"end":{"line":2,"column":44}},"1":{"start":{"line":4,"column":0},"end":{"line":4,"column":50}},"2":{"start":{"line":5,"column":0},"end":{"line":5,"column":56}},"3":{"start":{"line":6,"column":0},"end":{"line":6,"column":50}},"4":{"start":{"line":7,"column":0},"end":{"line":7,"column":50}},"5":{"start":{"line":8,"column":0},"end":{"line":8,"column":56}},"6":{"start":{"line":9,"column":0},"end":{"line":9,"column":62}},"7":{"start":{"line":11,"column":0},"end":{"line":11,"column":21}},"8":{"start":{"line":13,"column":0},"end":{"line":13,"column":48}},"9":{"start":{"line":17,"column":38},"end":{"line":17,"column":49}},"10":{"start":{"line":18,"column":44},"end":{"line":18,"column":56}},"11":{"start":{"line":19,"column":44},"end":{"line":19,"column":64}},"12":{"start":{"line":20,"column":42},"end":{"line":21,"column":null}},"13":{"start":{"line":23,"column":44},"end":{"line":24,"column":null}},"14":{"start":{"line":26,"column":38},"end":{"line":26,"column":50}},"15":{"start":{"line":27,"column":52},"end":{"line":27,"column":74}},"16":{"start":{"line":29,"column":2},"end":{"line":40,"column":54}},"17":{"start":{"line":30,"column":4},"end":{"line":39,"column":5}},"18":{"start":{"line":31,"column":6},"end":{"line":31,"column":61}},"19":{"start":{"line":32,"column":6},"end":{"line":38,"column":8}},"20":{"start":{"line":42,"column":2},"end":{"line":84,"column":4}},"21":{"start":{"line":16,"column":0},"end":{"line":16,"column":24}}},"fnMap":{"0":{"name":"Table","decl":{"start":{"line":16,"column":24},"end":{"line":16,"column":29}},"loc":{"start":{"line":16,"column":59},"end":{"line":85,"column":1}}},"1":{"name":"(anonymous_1)","decl":{"start":{"line":29,"column":12},"end":{"line":29,"column":15}},"loc":{"start":{"line":29,"column":17},"end":{"line":40,"column":3}}}},"branchMap":{"0":{"loc":{"start":{"line":19,"column":53},"end":{"line":19,"column":63}},"type":"binary-expr","locations":[{"start":{"line":19,"column":53},"end":{"line":19,"column":57}},{"start":{"line":19,"column":61},"end":{"line":19,"column":63}}]},"1":{"loc":{"start":{"line":21,"column":4},"end":{"line":21,"column":39}},"type":"cond-expr","locations":[{"start":{"line":21,"column":11},"end":{"line":21,"column":34}},{"start":{"line":21,"column":37},"end":{"line":21,"column":39}}]},"2":{"loc":{"start":{"line":30,"column":4},"end":{"line":39,"column":5}},"type":"if","locations":[{"start":{"line":30,"column":4},"end":{"line":39,"column":5}}]},"3":{"loc":{"start":{"line":31,"column":27},"end":{"line":31,"column":59}},"type":"cond-expr","locations":[{"start":{"line":31,"column":34},"end":{"line":31,"column":54}},{"start":{"line":31,"column":57},"end":{"line":31,"column":59}}]},"4":{"loc":{"start":{"line":42,"column":9},"end":{"line":83,"column":null}},"type":"cond-expr","locations":[{"start":{"line":43,"column":4},"end":{"line":80,"column":null}},{"start":{"line":83,"column":4},"end":{"line":83,"column":20}}]}},"s":{"0":1,"1":1,"2":1,"3":1,"4":1,"5":1,"6":1,"7":1,"8":1,"9":3,"10":3,"11":3,"12":3,"13":3,"14":3,"15":3,"16":3,"17":2,"18":1,"19":1,"20":3,"21":1},"f":{"0":3,"1":2},"b":{"0":[3,1],"1":[2,1],"2":[1],"3":[1,0],"4":[2,1]}}
,"C:\\Users\\overb\\OneDrive\\Documents\\Franck\\Pro\\Projets\\Projets Dev\\HRnet\\pmf-table\\src\\tableFunction.tsx": {"path":"C:\\Users\\overb\\OneDrive\\Documents\\Franck\\Pro\\Projets\\Projets Dev\\HRnet\\pmf-table\\src\\tableFunction.tsx","statementMap":{"0":{"start":{"line":3,"column":29},"end":{"line":35,"column":1}},"1":{"start":{"line":10,"column":20},"end":{"line":10,"column":24}},"2":{"start":{"line":12,"column":17},"end":{"line":21,"column":3}},"3":{"start":{"line":13,"column":4},"end":{"line":20,"column":7}},"4":{"start":{"line":14,"column":6},"end":{"line":19,"column":9}},"5":{"start":{"line":15,"column":8},"end":{"line":18,"column":46}},"6":{"start":{"line":22,"column":15},"end":{"line":31,"column":3}},"7":{"start":{"line":24,"column":6},"end":{"line":24,"column":65}},"8":{"start":{"line":25,"column":4},"end":{"line":30,"column":7}},"9":{"start":{"line":26,"column":6},"end":{"line":26,"column":56}},"10":{"start":{"line":26,"column":47},"end":{"line":26,"column":56}},"11":{"start":{"line":27,"column":6},"end":{"line":29,"column":27}},"12":{"start":{"line":32,"column":2},"end":{"line":32,"column":63}},"13":{"start":{"line":33,"column":2},"end":{"line":33,"column":36}},"14":{"start":{"line":34,"column":2},"end":{"line":34,"column":47}},"15":{"start":{"line":34,"column":18},"end":{"line":34,"column":47}},"16":{"start":{"line":3,"column":13},"end":{"line":3,"column":29}},"17":{"start":{"line":37,"column":37},"end":{"line":58,"column":1}},"18":{"start":{"line":43,"column":23},"end":{"line":43,"column":63}},"19":{"start":{"line":44,"column":2},"end":{"line":57,"column":3}},"20":{"start":{"line":46,"column":6},"end":{"line":46,"column":58}},"21":{"start":{"line":47,"column":6},"end":{"line":47,"column":28}},"22":{"start":{"line":48,"column":6},"end":{"line":48,"column":12}},"23":{"start":{"line":50,"column":6},"end":{"line":50,"column":57}},"24":{"start":{"line":51,"column":6},"end":{"line":51,"column":28}},"25":{"start":{"line":52,"column":6},"end":{"line":52,"column":12}},"26":{"start":{"line":54,"column":6},"end":{"line":54,"column":57}},"27":{"start":{"line":55,"column":6},"end":{"line":55,"column":28}},"28":{"start":{"line":56,"column":6},"end":{"line":56,"column":12}},"29":{"start":{"line":37,"column":13},"end":{"line":37,"column":37}},"30":{"start":{"line":60,"column":30},"end":{"line":85,"column":1}},"31":{"start":{"line":65,"column":16},"end":{"line":65,"column":18}},"32":{"start":{"line":66,"column":2},"end":{"line":83,"column":3}},"33":{"start":{"line":66,"column":15},"end":{"line":66,"column":16}},"34":{"start":{"line":67,"column":20},"end":{"line":67,"column":25}},"35":{"start":{"line":68,"column":4},"end":{"line":82,"column":6}},"36":{"start":{"line":78,"column":24},"end":{"line":78,"column":66}},"37":{"start":{"line":84,"column":2},"end":{"line":84,"column":15}},"38":{"start":{"line":60,"column":13},"end":{"line":60,"column":30}},"39":{"start":{"line":87,"column":26},"end":{"line":105,"column":1}},"40":{"start":{"line":92,"column":24},"end":{"line":92,"column":66}},"41":{"start":{"line":93,"column":2},"end":{"line":104,"column":3}},"42":{"start":{"line":95,"column":6},"end":{"line":95,"column":75}},"43":{"start":{"line":95,"column":45},"end":{"line":95,"column":73}},"44":{"start":{"line":96,"column":6},"end":{"line":96,"column":12}},"45":{"start":{"line":98,"column":6},"end":{"line":100,"column":8}},"46":{"start":{"line":99,"column":8},"end":{"line":99,"column":47}},"47":{"start":{"line":101,"column":6},"end":{"line":101,"column":12}},"48":{"start":{"line":103,"column":6},"end":{"line":103,"column":71}},"49":{"start":{"line":103,"column":33},"end":{"line":103,"column":71}},"50":{"start":{"line":87,"column":13},"end":{"line":87,"column":26}}},"fnMap":{"0":{"name":"(anonymous_0)","decl":{"start":{"line":3,"column":29},"end":{"line":3,"column":null}},"loc":{"start":{"line":9,"column":4},"end":{"line":35,"column":1}}},"1":{"name":"(anonymous_1)","decl":{"start":{"line":12,"column":17},"end":{"line":12,"column":18}},"loc":{"start":{"line":12,"column":56},"end":{"line":21,"column":3}}},"2":{"name":"(anonymous_2)","decl":{"start":{"line":13,"column":35},"end":{"line":13,"column":36}},"loc":{"start":{"line":13,"column":44},"end":{"line":20,"column":5}}},"3":{"name":"(anonymous_3)","decl":{"start":{"line":14,"column":36},"end":{"line":14,"column":37}},"loc":{"start":{"line":14,"column":44},"end":{"line":19,"column":7}}},"4":{"name":"(anonymous_4)","decl":{"start":{"line":22,"column":15},"end":{"line":22,"column":16}},"loc":{"start":{"line":22,"column":63},"end":{"line":31,"column":3}}},"5":{"name":"(anonymous_5)","decl":{"start":{"line":25,"column":39},"end":{"line":25,"column":40}},"loc":{"start":{"line":25,"column":48},"end":{"line":30,"column":5}}},"6":{"name":"(anonymous_6)","decl":{"start":{"line":37,"column":37},"end":{"line":37,"column":null}},"loc":{"start":{"line":42,"column":4},"end":{"line":58,"column":1}}},"7":{"name":"(anonymous_7)","decl":{"start":{"line":60,"column":30},"end":{"line":60,"column":null}},"loc":{"start":{"line":64,"column":4},"end":{"line":85,"column":1}}},"8":{"name":"(anonymous_8)","decl":{"start":{"line":78,"column":17},"end":{"line":78,"column":18}},"loc":{"start":{"line":78,"column":24},"end":{"line":78,"column":66}}},"9":{"name":"(anonymous_9)","decl":{"start":{"line":87,"column":26},"end":{"line":87,"column":null}},"loc":{"start":{"line":91,"column":4},"end":{"line":105,"column":1}}},"10":{"name":"(anonymous_10)","decl":{"start":{"line":95,"column":20},"end":{"line":95,"column":21}},"loc":{"start":{"line":95,"column":45},"end":{"line":95,"column":73}}},"11":{"name":"(anonymous_11)","decl":{"start":{"line":98,"column":20},"end":{"line":98,"column":21}},"loc":{"start":{"line":99,"column":8},"end":{"line":99,"column":47}}}},"branchMap":{"0":{"loc":{"start":{"line":24,"column":6},"end":{"line":24,"column":65}},"type":"cond-expr","locations":[{"start":{"line":24,"column":59},"end":{"line":24,"column":60}},{"start":{"line":24,"column":63},"end":{"line":24,"column":65}}]},"1":{"loc":{"start":{"line":26,"column":6},"end":{"line":26,"column":56}},"type":"if","locations":[{"start":{"line":26,"column":6},"end":{"line":26,"column":56}}]},"2":{"loc":{"start":{"line":27,"column":13},"end":{"line":29,"column":26}},"type":"cond-expr","locations":[{"start":{"line":28,"column":10},"end":{"line":28,"column":25}},{"start":{"line":29,"column":10},"end":{"line":29,"column":26}}]},"3":{"loc":{"start":{"line":32,"column":2},"end":{"line":32,"column":62}},"type":"cond-expr","locations":[{"start":{"line":32,"column":15},"end":{"line":32,"column":39}},{"start":{"line":32,"column":43},"end":{"line":32,"column":61}}]},"4":{"loc":{"start":{"line":34,"column":2},"end":{"line":34,"column":47}},"type":"if","locations":[{"start":{"line":34,"column":2},"end":{"line":34,"column":47}}]},"5":{"loc":{"start":{"line":44,"column":2},"end":{"line":57,"column":3}},"type":"switch","locations":[{"start":{"line":45,"column":4},"end":{"line":48,"column":12}},{"start":{"line":49,"column":4},"end":{"line":52,"column":12}},{"start":{"line":53,"column":4},"end":{"line":56,"column":12}}]},"6":{"loc":{"start":{"line":72,"column":10},"end":{"line":75,"column":76}},"type":"cond-expr","locations":[{"start":{"line":73,"column":14},"end":{"line":74,"column":21}},{"start":{"line":75,"column":14},"end":{"line":75,"column":76}}]},"7":{"loc":{"start":{"line":93,"column":2},"end":{"line":104,"column":3}},"type":"switch","locations":[{"start":{"line":94,"column":4},"end":{"line":96,"column":12}},{"start":{"line":97,"column":4},"end":{"line":101,"column":12}},{"start":{"line":102,"column":4},"end":{"line":103,"column":71}}]},"8":{"loc":{"start":{"line":103,"column":6},"end":{"line":103,"column":71}},"type":"if","locations":[{"start":{"line":103,"column":6},"end":{"line":103,"column":71}}]}},"s":{"0":3,"1":1,"2":1,"3":0,"4":0,"5":0,"6":1,"7":1,"8":1,"9":2,"10":0,"11":2,"12":1,"13":1,"14":1,"15":1,"16":3,"17":3,"18":3,"19":3,"20":1,"21":1,"22":1,"23":1,"24":1,"25":1,"26":1,"27":1,"28":1,"29":3,"30":3,"31":5,"32":5,"33":5,"34":11,"35":11,"36":0,"37":5,"38":3,"39":3,"40":2,"41":2,"42":1,"43":0,"44":1,"45":1,"46":0,"47":1,"48":0,"49":0,"50":3},"f":{"0":1,"1":0,"2":0,"3":0,"4":1,"5":2,"6":3,"7":5,"8":0,"9":2,"10":0,"11":0},"b":{"0":[1,0],"1":[0],"2":[2,0],"3":[0,1],"4":[1],"5":[1,1,1],"6":[5,6],"7":[1,1,0],"8":[0]}}
,"C:\\Users\\overb\\OneDrive\\Documents\\Franck\\Pro\\Projets\\Projets Dev\\HRnet\\pmf-table\\src\\TableBody\\TableBody.tsx": {"path":"C:\\Users\\overb\\OneDrive\\Documents\\Franck\\Pro\\Projets\\Projets Dev\\HRnet\\pmf-table\\src\\TableBody\\TableBody.tsx","statementMap":{"0":{"start":{"line":2,"column":0},"end":{"line":2,"column":25}},"1":{"start":{"line":3,"column":25},"end":{"line":69,"column":1}},"2":{"start":{"line":16,"column":19},"end":{"line":18,"column":null}},"3":{"start":{"line":20,"column":21},"end":{"line":20,"column":56}},"4":{"start":{"line":21,"column":28},"end":{"line":21,"column":60}},"5":{"start":{"line":23,"column":4},"end":{"line":23,"column":79}},"6":{"start":{"line":25,"column":2},"end":{"line":68,"column":4}},"7":{"start":{"line":30,"column":12},"end":{"line":32,"column":null}},"8":{"start":{"line":40,"column":16},"end":{"line":41,"column":null}},"9":{"start":{"line":3,"column":13},"end":{"line":3,"column":25}}},"fnMap":{"0":{"name":"(anonymous_0)","decl":{"start":{"line":3,"column":25},"end":{"line":3,"column":26}},"loc":{"start":{"line":15,"column":5},"end":{"line":69,"column":1}}},"1":{"name":"(anonymous_1)","decl":{"start":{"line":29,"column":23},"end":{"line":29,"column":24}},"loc":{"start":{"line":30,"column":12},"end":{"line":32,"column":null}}},"2":{"name":"(anonymous_2)","decl":{"start":{"line":39,"column":38},"end":{"line":39,"column":39}},"loc":{"start":{"line":40,"column":16},"end":{"line":41,"column":null}}}},"branchMap":{"0":{"loc":{"start":{"line":20,"column":33},"end":{"line":20,"column":55}},"type":"binary-expr","locations":[{"start":{"line":20,"column":33},"end":{"line":20,"column":49}},{"start":{"line":20,"column":53},"end":{"line":20,"column":55}}]},"1":{"loc":{"start":{"line":23,"column":4},"end":{"line":23,"column":79}},"type":"binary-expr","locations":[{"start":{"line":23,"column":4},"end":{"line":23,"column":29}},{"start":{"line":23,"column":33},"end":{"line":23,"column":79}}]},"2":{"loc":{"start":{"line":23,"column":45},"end":{"line":23,"column":71}},"type":"binary-expr","locations":[{"start":{"line":23,"column":45},"end":{"line":23,"column":65}},{"start":{"line":23,"column":69},"end":{"line":23,"column":71}}]},"3":{"loc":{"start":{"line":28,"column":9},"end":{"line":64,"column":null}},"type":"cond-expr","locations":[{"start":{"line":29,"column":10},"end":{"line":54,"column":12}},{"start":{"line":56,"column":10},"end":{"line":63,"column":null}}]},"4":{"loc":{"start":{"line":34,"column":16},"end":{"line":36,"column":44}},"type":"cond-expr","locations":[{"start":{"line":35,"column":20},"end":{"line":35,"column":43}},{"start":{"line":36,"column":20},"end":{"line":36,"column":44}}]},"5":{"loc":{"start":{"line":43,"column":20},"end":{"line":47,"column":44}},"type":"cond-expr","locations":[{"start":{"line":44,"column":24},"end":{"line":46,"column":78}},{"start":{"line":47,"column":24},"end":{"line":47,"column":44}}]},"6":{"loc":{"start":{"line":44,"column":24},"end":{"line":46,"column":78}},"type":"cond-expr","locations":[{"start":{"line":45,"column":26},"end":{"line":45,"column":77}},{"start":{"line":46,"column":26},"end":{"line":46,"column":78}}]}},"s":{"0":2,"1":2,"2":6,"3":6,"4":6,"5":6,"6":6,"7":11,"8":33,"9":2},"f":{"0":6,"1":11,"2":33},"b":{"0":[6,1],"1":[6,1],"2":[1,1],"3":[5,1],"4":[7,4],"5":[11,22],"6":[7,4]}}
,"C:\\Users\\overb\\OneDrive\\Documents\\Franck\\Pro\\Projets\\Projets Dev\\HRnet\\pmf-table\\src\\TableFilter\\TableFilter.tsx": {"path":"C:\\Users\\overb\\OneDrive\\Documents\\Franck\\Pro\\Projets\\Projets Dev\\HRnet\\pmf-table\\src\\TableFilter\\TableFilter.tsx","statementMap":{"0":{"start":{"line":1,"column":0},"end":{"line":1,"column":27}},"1":{"start":{"line":2,"column":27},"end":{"line":22,"column":1}},"2":{"start":{"line":9,"column":2},"end":{"line":21,"column":4}},"3":{"start":{"line":16,"column":10},"end":{"line":16,"column":40}},"4":{"start":{"line":17,"column":10},"end":{"line":17,"column":27}},"5":{"start":{"line":2,"column":13},"end":{"line":2,"column":27}}},"fnMap":{"0":{"name":"(anonymous_0)","decl":{"start":{"line":2,"column":27},"end":{"line":2,"column":28}},"loc":{"start":{"line":8,"column":5},"end":{"line":22,"column":1}}},"1":{"name":"(anonymous_1)","decl":{"start":{"line":15,"column":18},"end":{"line":15,"column":19}},"loc":{"start":{"line":15,"column":24},"end":{"line":18,"column":9}}}},"branchMap":{},"s":{"0":2,"1":2,"2":4,"3":1,"4":1,"5":2},"f":{"0":4,"1":1},"b":{}}
,"C:\\Users\\overb\\OneDrive\\Documents\\Franck\\Pro\\Projets\\Projets Dev\\HRnet\\pmf-table\\src\\TableHead\\TableHead.tsx": {"path":"C:\\Users\\overb\\OneDrive\\Documents\\Franck\\Pro\\Projets\\Projets Dev\\HRnet\\pmf-table\\src\\TableHead\\TableHead.tsx","statementMap":{"0":{"start":{"line":1,"column":0},"end":{"line":1,"column":57}},"1":{"start":{"line":2,"column":0},"end":{"line":2,"column":25}},"2":{"start":{"line":3,"column":25},"end":{"line":38,"column":1}},"3":{"start":{"line":16,"column":2},"end":{"line":37,"column":4}},"4":{"start":{"line":20,"column":10},"end":{"line":21,"column":null}},"5":{"start":{"line":23,"column":14},"end":{"line":23,"column":79}},"6":{"start":{"line":3,"column":13},"end":{"line":3,"column":25}}},"fnMap":{"0":{"name":"(anonymous_0)","decl":{"start":{"line":3,"column":25},"end":{"line":3,"column":26}},"loc":{"start":{"line":15,"column":5},"end":{"line":38,"column":1}}},"1":{"name":"(anonymous_1)","decl":{"start":{"line":19,"column":31},"end":{"line":19,"column":32}},"loc":{"start":{"line":20,"column":10},"end":{"line":21,"column":null}}},"2":{"name":"(anonymous_2)","decl":{"start":{"line":22,"column":21},"end":{"line":22,"column":22}},"loc":{"start":{"line":23,"column":14},"end":{"line":23,"column":79}}}},"branchMap":{"0":{"loc":{"start":{"line":26,"column":14},"end":{"line":28,"column":46}},"type":"cond-expr","locations":[{"start":{"line":27,"column":18},"end":{"line":27,"column":31}},{"start":{"line":28,"column":18},"end":{"line":28,"column":46}}]}},"s":{"0":2,"1":2,"2":2,"3":6,"4":15,"5":3,"6":2},"f":{"0":6,"1":15,"2":3},"b":{"0":[5,10]}}
,"C:\\Users\\overb\\OneDrive\\Documents\\Franck\\Pro\\Projets\\Projets Dev\\HRnet\\pmf-table\\src\\TableInfo\\TableInfo.tsx": {"path":"C:\\Users\\overb\\OneDrive\\Documents\\Franck\\Pro\\Projets\\Projets Dev\\HRnet\\pmf-table\\src\\TableInfo\\TableInfo.tsx","statementMap":{"0":{"start":{"line":2,"column":0},"end":{"line":2,"column":25}},"1":{"start":{"line":3,"column":25},"end":{"line":35,"column":1}},"2":{"start":{"line":14,"column":26},"end":{"line":14,"column":37}},"3":{"start":{"line":17,"column":2},"end":{"line":23,"column":3}},"4":{"start":{"line":18,"column":4},"end":{"line":18,"column":20}},"5":{"start":{"line":19,"column":4},"end":{"line":19,"column":33}},"6":{"start":{"line":21,"column":4},"end":{"line":21,"column":55}},"7":{"start":{"line":22,"column":4},"end":{"line":22,"column":51}},"8":{"start":{"line":24,"column":2},"end":{"line":24,"column":41}},"9":{"start":{"line":24,"column":25},"end":{"line":24,"column":41}},"10":{"start":{"line":25,"column":2},"end":{"line":34,"column":4}},"11":{"start":{"line":3,"column":13},"end":{"line":3,"column":25}}},"fnMap":{"0":{"name":"(anonymous_0)","decl":{"start":{"line":3,"column":25},"end":{"line":3,"column":26}},"loc":{"start":{"line":13,"column":5},"end":{"line":35,"column":1}}}},"branchMap":{"0":{"loc":{"start":{"line":17,"column":2},"end":{"line":23,"column":3}},"type":"if","locations":[{"start":{"line":17,"column":2},"end":{"line":23,"column":3}},{"start":{"line":20,"column":9},"end":{"line":23,"column":3}}]},"1":{"loc":{"start":{"line":24,"column":2},"end":{"line":24,"column":41}},"type":"if","locations":[{"start":{"line":24,"column":2},"end":{"line":24,"column":41}}]},"2":{"loc":{"start":{"line":28,"column":7},"end":{"line":28,"column":62}},"type":"cond-expr","locations":[{"start":{"line":28,"column":36},"end":{"line":28,"column":48}},{"start":{"line":28,"column":51},"end":{"line":28,"column":62}}]},"3":{"loc":{"start":{"line":30,"column":7},"end":{"line":31,"column":null}},"type":"binary-expr","locations":[{"start":{"line":30,"column":7},"end":{"line":30,"column":36}},{"start":{"line":31,"column":8},"end":{"line":31,"column":68}}]}},"s":{"0":2,"1":2,"2":5,"3":5,"4":3,"5":3,"6":2,"7":2,"8":5,"9":1,"10":5,"11":2},"f":{"0":5},"b":{"0":[3,2],"1":[1],"2":[2,3],"3":[5,1]}}
,"C:\\Users\\overb\\OneDrive\\Documents\\Franck\\Pro\\Projets\\Projets Dev\\HRnet\\pmf-table\\src\\TableLength\\TableLength.tsx": {"path":"C:\\Users\\overb\\OneDrive\\Documents\\Franck\\Pro\\Projets\\Projets Dev\\HRnet\\pmf-table\\src\\TableLength\\TableLength.tsx","statementMap":{"0":{"start":{"line":1,"column":0},"end":{"line":1,"column":27}},"1":{"start":{"line":2,"column":27},"end":{"line":23,"column":1}},"2":{"start":{"line":7,"column":2},"end":{"line":22,"column":4}},"3":{"start":{"line":13,"column":25},"end":{"line":13,"column":65}},"4":{"start":{"line":2,"column":13},"end":{"line":2,"column":27}}},"fnMap":{"0":{"name":"(anonymous_0)","decl":{"start":{"line":2,"column":27},"end":{"line":2,"column":28}},"loc":{"start":{"line":6,"column":5},"end":{"line":23,"column":1}}},"1":{"name":"(anonymous_1)","decl":{"start":{"line":13,"column":18},"end":{"line":13,"column":19}},"loc":{"start":{"line":13,"column":25},"end":{"line":13,"column":65}}}},"branchMap":{},"s":{"0":2,"1":2,"2":4,"3":1,"4":2},"f":{"0":4,"1":1},"b":{}}
,"C:\\Users\\overb\\OneDrive\\Documents\\Franck\\Pro\\Projets\\Projets Dev\\HRnet\\pmf-table\\src\\TablePaginate\\TablePaginate.tsx": {"path":"C:\\Users\\overb\\OneDrive\\Documents\\Franck\\Pro\\Projets\\Projets Dev\\HRnet\\pmf-table\\src\\TablePaginate\\TablePaginate.tsx","statementMap":{"0":{"start":{"line":1,"column":0},"end":{"line":1,"column":62}},"1":{"start":{"line":2,"column":0},"end":{"line":2,"column":29}},"2":{"start":{"line":3,"column":29},"end":{"line":41,"column":1}},"3":{"start":{"line":14,"column":23},"end":{"line":14,"column":61}},"4":{"start":{"line":15,"column":16},"end":{"line":15,"column":71}},"5":{"start":{"line":16,"column":2},"end":{"line":40,"column":4}},"6":{"start":{"line":24,"column":24},"end":{"line":24,"column":66}},"7":{"start":{"line":35,"column":24},"end":{"line":35,"column":66}},"8":{"start":{"line":3,"column":13},"end":{"line":3,"column":29}}},"fnMap":{"0":{"name":"(anonymous_0)","decl":{"start":{"line":3,"column":29},"end":{"line":3,"column":30}},"loc":{"start":{"line":13,"column":5},"end":{"line":41,"column":1}}},"1":{"name":"(anonymous_1)","decl":{"start":{"line":24,"column":17},"end":{"line":24,"column":18}},"loc":{"start":{"line":24,"column":24},"end":{"line":24,"column":66}}},"2":{"name":"(anonymous_2)","decl":{"start":{"line":35,"column":17},"end":{"line":35,"column":18}},"loc":{"start":{"line":35,"column":24},"end":{"line":35,"column":66}}}},"branchMap":{"0":{"loc":{"start":{"line":20,"column":10},"end":{"line":22,"column":74}},"type":"cond-expr","locations":[{"start":{"line":21,"column":14},"end":{"line":21,"column":83}},{"start":{"line":22,"column":14},"end":{"line":22,"column":74}}]},"1":{"loc":{"start":{"line":31,"column":10},"end":{"line":33,"column":70}},"type":"cond-expr","locations":[{"start":{"line":32,"column":14},"end":{"line":32,"column":79}},{"start":{"line":33,"column":14},"end":{"line":33,"column":70}}]}},"s":{"0":2,"1":2,"2":2,"3":5,"4":5,"5":5,"6":1,"7":1,"8":2},"f":{"0":5,"1":1,"2":1},"b":{"0":[3,2],"1":[3,2]}}
}
