{"C:\\Users\\overb\\OneDrive\\Documents\\Franck\\Pro\\Projets\\Projets Dev\\HRnet\\pmf-table\\src\\TableInfo\\TableInfo.tsx": {"path":"C:\\Users\\overb\\OneDrive\\Documents\\Franck\\Pro\\Projets\\Projets Dev\\HRnet\\pmf-table\\src\\TableInfo\\TableInfo.tsx","statementMap":{"0":{"start":{"line":2,"column":0},"end":{"line":2,"column":25}},"1":{"start":{"line":3,"column":25},"end":{"line":35,"column":1}},"2":{"start":{"line":14,"column":26},"end":{"line":14,"column":37}},"3":{"start":{"line":17,"column":2},"end":{"line":23,"column":3}},"4":{"start":{"line":18,"column":4},"end":{"line":18,"column":20}},"5":{"start":{"line":19,"column":4},"end":{"line":19,"column":33}},"6":{"start":{"line":21,"column":4},"end":{"line":21,"column":55}},"7":{"start":{"line":22,"column":4},"end":{"line":22,"column":51}},"8":{"start":{"line":24,"column":2},"end":{"line":24,"column":41}},"9":{"start":{"line":24,"column":25},"end":{"line":24,"column":41}},"10":{"start":{"line":25,"column":2},"end":{"line":34,"column":4}},"11":{"start":{"line":3,"column":13},"end":{"line":3,"column":25}}},"fnMap":{"0":{"name":"(anonymous_0)","decl":{"start":{"line":3,"column":25},"end":{"line":3,"column":26}},"loc":{"start":{"line":13,"column":5},"end":{"line":35,"column":1}}}},"branchMap":{"0":{"loc":{"start":{"line":17,"column":2},"end":{"line":23,"column":3}},"type":"if","locations":[{"start":{"line":17,"column":2},"end":{"line":23,"column":3}},{"start":{"line":20,"column":9},"end":{"line":23,"column":3}}]},"1":{"loc":{"start":{"line":24,"column":2},"end":{"line":24,"column":41}},"type":"if","locations":[{"start":{"line":24,"column":2},"end":{"line":24,"column":41}}]},"2":{"loc":{"start":{"line":28,"column":7},"end":{"line":28,"column":62}},"type":"cond-expr","locations":[{"start":{"line":28,"column":36},"end":{"line":28,"column":48}},{"start":{"line":28,"column":51},"end":{"line":28,"column":62}}]},"3":{"loc":{"start":{"line":30,"column":7},"end":{"line":31,"column":null}},"type":"binary-expr","locations":[{"start":{"line":30,"column":7},"end":{"line":30,"column":36}},{"start":{"line":31,"column":8},"end":{"line":31,"column":68}}]}},"s":{"0":1,"1":1,"2":3,"3":3,"4":1,"5":1,"6":2,"7":2,"8":3,"9":1,"10":3,"11":1},"f":{"0":3},"b":{"0":[1,2],"1":[1],"2":[2,1],"3":[3,1]}}
,"C:\\Users\\overb\\OneDrive\\Documents\\Franck\\Pro\\Projets\\Projets Dev\\HRnet\\pmf-table\\src\\TableInfo\\tableInfo.css": {"path":"C:\\Users\\overb\\OneDrive\\Documents\\Franck\\Pro\\Projets\\Projets Dev\\HRnet\\pmf-table\\src\\TableInfo\\tableInfo.css","statementMap":{},"fnMap":{},"branchMap":{},"s":{},"f":{},"b":{},"inputSourceMap":null,"_coverageSchema":"1a1c01bbd47fc00a2c39e90264f33305004495a9","hash":"1f0633bab3d7704752f5d4007ac14cd9088d7b46"}
}
