TN:
SF:src\tableFunction.tsx
FN:3,(anonymous_0)
FN:12,(anonymous_1)
FN:13,(anonymous_2)
FN:14,(anonymous_3)
FN:22,(anonymous_4)
FN:25,(anonymous_5)
FN:37,(anonymous_6)
FN:60,(anonymous_7)
FN:78,(anonymous_8)
FN:87,(anonymous_9)
FN:95,(anonymous_10)
FN:98,(anonymous_11)
FNF:12
FNH:2
FNDA:0,(anonymous_0)
FNDA:0,(anonymous_1)
FNDA:0,(anonymous_2)
FNDA:0,(anonymous_3)
FNDA:0,(anonymous_4)
FNDA:0,(anonymous_5)
FNDA:0,(anonymous_6)
FNDA:3,(anonymous_7)
FNDA:0,(anonymous_8)
FNDA:2,(anonymous_9)
FNDA:0,(anonymous_10)
FNDA:0,(anonymous_11)
DA:3,1
DA:10,0
DA:12,0
DA:13,0
DA:14,0
DA:15,0
DA:22,0
DA:24,0
DA:25,0
DA:26,0
DA:27,0
DA:32,0
DA:33,0
DA:34,0
DA:37,1
DA:43,0
DA:44,0
DA:46,0
DA:47,0
DA:48,0
DA:50,0
DA:51,0
DA:52,0
DA:54,0
DA:55,0
DA:56,0
DA:60,1
DA:65,3
DA:66,3
DA:67,9
DA:68,9
DA:78,0
DA:84,3
DA:87,1
DA:92,2
DA:93,2
DA:95,1
DA:96,1
DA:98,1
DA:99,0
DA:101,1
DA:103,0
LF:42
LH:15
BRDA:24,0,0,0
BRDA:24,0,1,0
BRDA:26,1,0,0
BRDA:27,2,0,0
BRDA:27,2,1,0
BRDA:32,3,0,0
BRDA:32,3,1,0
BRDA:34,4,0,0
BRDA:44,5,0,0
BRDA:44,5,1,0
BRDA:44,5,2,0
BRDA:72,6,0,3
BRDA:72,6,1,6
BRDA:93,7,0,1
BRDA:93,7,1,1
BRDA:93,7,2,0
BRDA:103,8,0,0
BRF:17
BRH:4
end_of_record
TN:
SF:src\TablePaginate\TablePaginate.tsx
FN:3,(anonymous_0)
FN:24,(anonymous_1)
FN:35,(anonymous_2)
FNF:3
FNH:3
FNDA:3,(anonymous_0)
FNDA:1,(anonymous_1)
FNDA:1,(anonymous_2)
DA:1,1
DA:2,1
DA:3,1
DA:14,3
DA:15,3
DA:16,3
DA:24,1
DA:35,1
LF:8
LH:8
BRDA:20,0,0,1
BRDA:20,0,1,2
BRDA:31,1,0,1
BRDA:31,1,1,2
BRF:4
BRH:4
end_of_record
